91
991
3430
8137
15841
27271
43156
64225
91207
124831
165826
214921
272845
340327
418096
506881
607411
901
3340
8047
15751
27181
43066
64135
91117
124741
165736
214831
272755
340237
418006
506791
607321
2440
7147
14851
26281
42166
63235
90217
123841
164836
213931
271855
339337
417106
505891
606421
4708
12412
23842
39727
60796
87778
121402
162397
211492
269416
336898
414667
503452
603982
7705
19135
35020
56089
83071
116695
157690
206785
264709
332191
409960
498745
599275
11431
27316
48385
75367
108991
149986
199081
257005
324487
402256
491041
591571
15886
36955
63937
97561
138556
187651
245575
313057
390826
479611
580141
21070
48052
81676
122671
171766
229690
297172
374941
463726
564256
26983
60607
101602
150697
208621
276103
353872
442657
543187
33625
74620
123715
181639
249121
326890
415675
516205
40996
90091
148015
215497
293266
382051
482581
49096
107020
174502
252271
341056
441586
57925
125407
203176
291961
392491
67483
145252
234037
334567
77770
166555
267085
88786
189316
100531
