? 0 0 1000000000 1000000000
? 0 0 1000000000 1000000000
? 0 0 1000000000 1000000000
? 0 0 1000000000 1000000000
? 0 0 1000000000 1000000000
? 62500000 0 1000000000 1000000000
? 62500000 0 1000000000 1000000000
? 62500000 0 1000000000 1000000000
? 62500000 0 1000000000 1000000000
? 62500000 0 1000000000 1000000000
? 62500000 0 1000000000 1000000000
? 62500000 0 1000000000 1000000000
? 62500000 0 1000000000 1000000000
? 62500000 0 1000000000 1000000000
? 62500000 0 1000000000 1000000000
? 62561035 0 1000000000 1000000000
? 62561035 0 1000000000 1000000000
? 62561035 0 1000000000 1000000000
? 62561035 0 1000000000 1000000000
? 62561035 0 1000000000 1000000000
? 62561035 0 1000000000 1000000000
? 62561035 0 1000000000 1000000000
? 62561035 0 1000000000 1000000000
? 62561035 0 1000000000 1000000000
? 62561035 0 1000000000 1000000000
? 62561035 0 1000000000 1000000000
? 62561035 0 1000000000 1000000000
? 62561049 0 1000000000 1000000000
? 62561049 0 1000000000 1000000000
? 62561049 0 1000000000 1000000000
? 62561049 0 62561049 1000000000
? 62561049 0 1000000000 1000000000
? 62561049 0 1000000000 1000000000
? 62561049 0 1000000000 1000000000
? 62561049 0 1000000000 1000000000
? 62561049 0 1000000000 1000000000
? 62561049 0 1000000000 1000000000
? 62561049 0 1000000000 1000000000
? 62561049 0 1000000000 1000000000
? 62561049 0 1000000000 1000000000
? 62561049 0 1000000000 1000000000
? 62561049 0 1000000000 1000000000
? 62561049 0 1000000000 1000000000
? 62561049 0 1000000000 1000000000
? 62561049 0 1000000000 1000000000
? 62561049 0 1000000000 1000000000
? 62561049 0 1000000000 1000000000
? 62561049 0 1000000000 1000000000
? 62561049 0 1000000000 1000000000
? 62561049 0 1000000000 1000000000
? 62561049 0 1000000000 1000000000
? 62561049 0 1000000000 1000000000
? 62561049 0 1000000000 1000000000
? 62561049 0 1000000000 1000000000
? 62561049 0 1000000000 1000000000
? 62561049 0 1000000000 1000000000
? 62561049 0 1000000000 1000000000
? 62561049 0 1000000000 1000000000
? 62561049 0 1000000000 1000000000
? 62561049 0 1000000000 1000000000
? 0 0 1000000000 0
! 62561049 0 62561048 2