-9223372036854775808
-9223372036854775807
-4611686018427387904
-4611686018427387903
-2305843009213693952
-2305843009213693951
-1152921504606846976
-1152921504606846975
-576460752303423488
-576460752303423487
-288230376151711744
-288230376151711743
-144115188075855872
-144115188075855871
-72057594037927936
-72057594037927935
-36028797018963968
-36028797018963967
-18014398509481984
-18014398509481983
-9007199254740992
-9007199254740991
-4503599627370496
-4503599627370495
-2251799813685248
-2251799813685247
-1125899906842624
-1125899906842623
-562949953421312
-562949953421311
-281474976710656
-281474976710655
-140737488355328
-140737488355327
-70368744177664
-70368744177663
-35184372088832
-35184372088831
-17592186044416
-17592186044415
-8796093022208
-8796093022207
-4398046511104
-4398046511103
-2199023255552
-2199023255551
-1099511627776
-1099511627775
-549755813888
-549755813887
-274877906944
-274877906943
-137438953472
-137438953471
-68719476736
-68719476735
-34359738368
-34359738367
-17179869184
-17179869183
-8589934592
-8589934591
-4294967296
-4294967295
-2147483648
-2147483647
-1073741824
-1073741823
-536870912
-536870911
-268435456
-268435455
-134217728
-134217727
-67108864
-67108863
-33554432
-33554431
-16777216
-16777215
-8388608
-8388607
-4194304
-4194303
-2097152
-2097151
-1048576
-1048575
-524288
-524287
-262144
-262143
-131072
-131071
-65536
-65535
-32768
-32767
-16384
-16383
-8192
-8191
-4096
-4095
-2048
-2047
-1024
-1023
-512
-511
-256
-255
-128
-127
-64
-63
-32
-31
-16
-15
-8
-7
-4
-3
-2
-1
-1
1
2
3
3
4
5
6
7
7
8
9
12
13
14
15
15
16
17
24
25
28
29
30
31
31
32
33
48
49
56
57
60
61
62
63
63
64
65
96
97
112
113
120
121
124
125
126
127
127
128
129
192
193
224
225
240
241
248
249
252
253
254
255
255
256
257
384
385
448
449
480
481
496
497
504
505
508
509
510
511
511
512
513
768
769
896
897
960
961
992
993
1008
1009
1016
1017
1020
1021
1022
1023
1023
1024
1025
1536
1537
1792
1793
1920
1921
1984
1985
2016
2017
2032
2033
2040
2041
2044
2045
2046
2047
2047
2048
2049
3072
3073
3584
3585
3840
3841
3968
3969
4032
4033
4064
4065
4080
4081
4088
4089
4092
4093
4094
4095
4095
4096
4097
6144
6145
7168
7169
7680
7681
7936
7937
8064
8065
8128
8129
8160
8161
8176
8177
8184
8185
8188
8189
8190
8191
8191
8192
8193
12288
12289
14336
14337
15360
15361
15872
15873
16128
16129
16256
16257
16320
16321
16352
16353
16368
16369
16376
16377
16380
16381
16382
16383
16383
16384
16385
24576
24577
28672
28673
30720
30721
31744
31745
32256
32257
32512
32513
32640
32641
32704
32705
32736
32737
32752
32753
32760
32761
32764
32765
32766
32767
32767
32768
32769
49152
49153
57344
57345
61440
61441
63488
63489
64512
64513
65024
65025
65280
65281
65408
65409
65472
65473
65504
65505
65520
65521
65528
65529
65532
65533
65534
65535
65535
65536
65537
98304
98305
114688
114689
122880
122881
126976
126977
129024
129025
130048
130049
130560
130561
130816
130817
130944
130945
131008
131009
131040
131041
131056
131057
131064
131065
131068
131069
131070
131071
131071
131072
131073
196608
196609
229376
229377
245760
245761
253952
253953
258048
258049
260096
260097
261120
261121
261632
261633
261888
261889
262016
262017
262080
262081
262112
262113
262128
262129
262136
262137
262140
262141
262142
262143
262143
262144
262145
393216
393217
458752
458753
491520
491521
507904
507905
516096
516097
520192
520193
522240
522241
523264
523265
523776
523777
524032
524033
524160
524161
524224
524225
524256
524257
524272
524273
524280
524281
524284
524285
524286
524287
524287
524288
524289
786432
786433
917504
917505
983040
983041
1015808
1015809
1032192
1032193
1040384
1040385
1044480
1044481
1046528
1046529
1047552
1047553
1048064
1048065
1048320
1048321
1048448
1048449
1048512
1048513
1048544
1048545
1048560
1048561
1048568
1048569
1048572
1048573
1048574
1048575
1048575
1048576
1048577
1572864
1572865
1835008
1835009
1966080
1966081
2031616
2031617
2064384
2064385
2080768
2080769
2088960
2088961
2093056
2093057
2095104
2095105
2096128
2096129
2096640
2096641
2096896
2096897
2097024
2097025
2097088
2097089
2097120
2097121
2097136
2097137
2097144
2097145
2097148
2097149
2097150
2097151
2097151
2097152
2097153
3145728
3145729
3670016
3670017
3932160
3932161
4063232
4063233
4128768
4128769
4161536
4161537
4177920
4177921
4186112
4186113
4190208
4190209
4192256
4192257
4193280
4193281
4193792
4193793
4194048
4194049
4194176
4194177
4194240
4194241
4194272
4194273
4194288
4194289
4194296
4194297
4194300
4194301
4194302
4194303
4194303
4194304
4194305
6291456
6291457
7340032
7340033
7864320
7864321
8126464
8126465
8257536
8257537
8323072
8323073
8355840
8355841
8372224
8372225
8380416
8380417
8384512
8384513
8386560
8386561
8387584
8387585
8388096
8388097
8388352
8388353
8388480
8388481
8388544
8388545
8388576
8388577
8388592
8388593
8388600
8388601
8388604
8388605
8388606
8388607
8388607
8388608
8388609
12582912
12582913
14680064
14680065
15728640
15728641
16252928
16252929
16515072
16515073
16646144
16646145
16711680
16711681
16744448
16744449
16760832
16760833
16769024
16769025
16773120
16773121
16775168
16775169
16776192
16776193
16776704
16776705
16776960
16776961
16777088
16777089
16777152
16777153
16777184
16777185
16777200
16777201
16777208
16777209
16777212
16777213
16777214
16777215
16777215
16777216
16777217
25165824
25165825
29360128
29360129
31457280
31457281
32505856
32505857
33030144
33030145
33292288
33292289
33423360
33423361
33488896
33488897
33521664
33521665
33538048
33538049
33546240
33546241
33550336
33550337
33552384
33552385
33553408
33553409
33553920
33553921
33554176
33554177
33554304
33554305
33554368
33554369
33554400
33554401
33554416
33554417
33554424
33554425
33554428
33554429
33554430
33554431
33554431
33554432
33554433
50331648
50331649
58720256
58720257
62914560
62914561
65011712
65011713
66060288
66060289
66584576
66584577
66846720
66846721
66977792
66977793
67043328
67043329
67076096
67076097
67092480
67092481
67100672
67100673
67104768
67104769
67106816
67106817
67107840
67107841
67108352
67108353
67108608
67108609
67108736
67108737
67108800
67108801
67108832
67108833
67108848
67108849
67108856
67108857
67108860
67108861
67108862
67108863
67108863
67108864
67108865
100663296
100663297
117440512
117440513
125829120
125829121
130023424
130023425
132120576
132120577
133169152
133169153
133693440
133693441
133955584
133955585
134086656
134086657
134152192
134152193
134184960
134184961
134201344
134201345
134209536
134209537
134213632
134213633
134215680
134215681
134216704
134216705
134217216
134217217
134217472
134217473
134217600
134217601
134217664
134217665
134217696
134217697
134217712
134217713
134217720
134217721
134217724
134217725
134217726
134217727
134217727
134217728
134217729
201326592
201326593
234881024
234881025
251658240
251658241
260046848
260046849
264241152
264241153
266338304
266338305
267386880
267386881
267911168
267911169
268173312
268173313
268304384
268304385
268369920
268369921
268402688
268402689
268419072
268419073
268427264
268427265
268431360
268431361
268433408
268433409
268434432
268434433
268434944
268434945
268435200
268435201
268435328
268435329
268435392
268435393
268435424
268435425
268435440
268435441
268435448
268435449
268435452
268435453
268435454
268435455
268435455
268435456
268435457
402653184
402653185
469762048
469762049
503316480
503316481
520093696
520093697
528482304
528482305
532676608
532676609
534773760
534773761
535822336
535822337
536346624
536346625
536608768
536608769
536739840
536739841
536805376
536805377
536838144
536838145
536854528
536854529
536862720
536862721
536866816
536866817
536868864
536868865
536869888
536869889
536870400
536870401
536870656
536870657
536870784
536870785
536870848
536870849
536870880
536870881
536870896
536870897
536870904
536870905
536870908
536870909
536870910
536870911
536870911
536870912
536870913
805306368
805306369
939524096
939524097
1006632960
1006632961
1040187392
1040187393
1056964608
1056964609
1065353216
1065353217
1069547520
1069547521
1071644672
1071644673
1072693248
1072693249
1073217536
1073217537
1073479680
1073479681
1073610752
1073610753
1073676288
1073676289
1073709056
1073709057
1073725440
1073725441
1073733632
1073733633
1073737728
1073737729
1073739776
1073739777
1073740800
1073740801
1073741312
1073741313
1073741568
1073741569
1073741696
1073741697
1073741760
1073741761
1073741792
1073741793
1073741808
1073741809
1073741816
1073741817
1073741820
1073741821
1073741822
1073741823
1073741823
1073741824
1073741825
1610612736
1610612737
1879048192
1879048193
2013265920
2013265921
2080374784
2080374785
2113929216
2113929217
2130706432
2130706433
2139095040
2139095041
2143289344
2143289345
2145386496
2145386497
2146435072
2146435073
2146959360
2146959361
2147221504
2147221505
2147352576
2147352577
2147418112
2147418113
2147450880
2147450881
2147467264
2147467265
2147475456
2147475457
2147479552
2147479553
2147481600
2147481601
2147482624
2147482625
2147483136
2147483137
2147483392
2147483393
2147483520
2147483521
2147483584
2147483585
2147483616
2147483617
2147483632
2147483633
2147483640
2147483641
2147483644
2147483645
2147483646
2147483647
2147483647
2147483648
2147483649
3221225472
3221225473
3758096384
3758096385
4026531840
4026531841
4160749568
4160749569
4227858432
4227858433
4261412864
4261412865
4278190080
4278190081
4286578688
4286578689
4290772992
4290772993
4292870144
4292870145
4293918720
4293918721
4294443008
4294443009
4294705152
4294705153
4294836224
4294836225
4294901760
4294901761
4294934528
4294934529
4294950912
4294950913
4294959104
4294959105
4294963200
4294963201
4294965248
4294965249
4294966272
4294966273
4294966784
4294966785
4294967040
4294967041
4294967168
4294967169
4294967232
4294967233
4294967264
4294967265
4294967280
4294967281
4294967288
4294967289
4294967292
4294967293
4294967294
4294967295
4294967295
4294967296
4294967297
6442450944
6442450945
7516192768
7516192769
8053063680
8053063681
8321499136
8321499137
8455716864
8455716865
8522825728
8522825729
8556380160
8556380161
8573157376
8573157377
8581545984
8581545985
8585740288
8585740289
8587837440
8587837441
8588886016
8588886017
8589410304
8589410305
8589672448
8589672449
8589803520
8589803521
8589869056
8589869057
8589901824
8589901825
8589918208
8589918209
8589926400
8589926401
8589930496
8589930497
8589932544
8589932545
8589933568
8589933569
8589934080
8589934081
8589934336
8589934337
8589934464
8589934465
8589934528
8589934529
8589934560
8589934561
8589934576
8589934577
8589934584
8589934585
8589934588
8589934589
8589934590
8589934591
8589934591
8589934592
8589934593
12884901888
12884901889
15032385536
15032385537
16106127360
16106127361
16642998272
16642998273
16911433728
16911433729
17045651456
17045651457
17112760320
17112760321
17146314752
17146314753
17163091968
17163091969
17171480576
17171480577
17175674880
17175674881
17177772032
17177772033
17178820608
17178820609
17179344896
17179344897
17179607040
17179607041
17179738112
17179738113
17179803648
17179803649
17179836416
17179836417
17179852800
17179852801
17179860992
17179860993
17179865088
17179865089
17179867136
17179867137
17179868160
17179868161
17179868672
17179868673
17179868928
17179868929
17179869056
17179869057
17179869120
17179869121
17179869152
17179869153
17179869168
17179869169
17179869176
17179869177
17179869180
17179869181
17179869182
17179869183
17179869183
17179869184
17179869185
25769803776
25769803777
30064771072
30064771073
32212254720
32212254721
33285996544
33285996545
33822867456
33822867457
34091302912
34091302913
34225520640
34225520641
34292629504
34292629505
34326183936
34326183937
34342961152
34342961153
34351349760
34351349761
34355544064
34355544065
34357641216
34357641217
34358689792
34358689793
34359214080
34359214081
34359476224
34359476225
34359607296
34359607297
34359672832
34359672833
34359705600
34359705601
34359721984
34359721985
34359730176
34359730177
34359734272
34359734273
34359736320
34359736321
34359737344
34359737345
34359737856
34359737857
34359738112
34359738113
34359738240
34359738241
34359738304
34359738305
34359738336
34359738337
34359738352
34359738353
34359738360
34359738361
34359738364
34359738365
34359738366
34359738367
34359738367
34359738368
34359738369
51539607552
51539607553
60129542144
60129542145
64424509440
64424509441
66571993088
66571993089
67645734912
67645734913
68182605824
68182605825
68451041280
68451041281
68585259008
68585259009
68652367872
68652367873
68685922304
68685922305
68702699520
68702699521
68711088128
68711088129
68715282432
68715282433
68717379584
68717379585
68718428160
68718428161
68718952448
68718952449
68719214592
68719214593
68719345664
68719345665
68719411200
68719411201
68719443968
68719443969
68719460352
68719460353
68719468544
68719468545
68719472640
68719472641
68719474688
68719474689
68719475712
68719475713
68719476224
68719476225
68719476480
68719476481
68719476608
68719476609
68719476672
68719476673
68719476704
68719476705
68719476720
68719476721
68719476728
68719476729
68719476732
68719476733
68719476734
68719476735
68719476735
68719476736
68719476737
103079215104
103079215105
120259084288
120259084289
128849018880
128849018881
133143986176
133143986177
135291469824
135291469825
136365211648
136365211649
136902082560
136902082561
137170518016
137170518017
137304735744
137304735745
137371844608
137371844609
137405399040
137405399041
137422176256
137422176257
137430564864
137430564865
137434759168
137434759169
137436856320
137436856321
137437904896
137437904897
137438429184
137438429185
137438691328
137438691329
137438822400
137438822401
137438887936
137438887937
137438920704
137438920705
137438937088
137438937089
137438945280
137438945281
137438949376
137438949377
137438951424
137438951425
137438952448
137438952449
137438952960
137438952961
137438953216
137438953217
137438953344
137438953345
137438953408
137438953409
137438953440
137438953441
137438953456
137438953457
137438953464
137438953465
137438953468
137438953469
137438953470
137438953471
137438953471
137438953472
137438953473
206158430208
206158430209
240518168576
240518168577
257698037760
257698037761
266287972352
266287972353
270582939648
270582939649
272730423296
272730423297
273804165120
273804165121
274341036032
274341036033
274609471488
274609471489
274743689216
274743689217
274810798080
274810798081
274844352512
274844352513
274861129728
274861129729
274869518336
274869518337
274873712640
274873712641
274875809792
274875809793
274876858368
274876858369
274877382656
274877382657
274877644800
274877644801
274877775872
274877775873
274877841408
274877841409
274877874176
274877874177
274877890560
274877890561
274877898752
274877898753
274877902848
274877902849
274877904896
274877904897
274877905920
274877905921
274877906432
274877906433
274877906688
274877906689
274877906816
274877906817
274877906880
274877906881
274877906912
274877906913
274877906928
274877906929
274877906936
274877906937
274877906940
274877906941
274877906942
274877906943
274877906943
274877906944
274877906945
412316860416
412316860417
481036337152
481036337153
515396075520
515396075521
532575944704
532575944705
541165879296
541165879297
545460846592
545460846593
547608330240
547608330241
548682072064
548682072065
549218942976
549218942977
549487378432
549487378433
549621596160
549621596161
549688705024
549688705025
549722259456
549722259457
549739036672
549739036673
549747425280
549747425281
549751619584
549751619585
549753716736
549753716737
549754765312
549754765313
549755289600
549755289601
549755551744
549755551745
549755682816
549755682817
549755748352
549755748353
549755781120
549755781121
549755797504
549755797505
549755805696
549755805697
549755809792
549755809793
549755811840
549755811841
549755812864
549755812865
549755813376
549755813377
549755813632
549755813633
549755813760
549755813761
549755813824
549755813825
549755813856
549755813857
549755813872
549755813873
549755813880
549755813881
549755813884
549755813885
549755813886
549755813887
549755813887
549755813888
549755813889
824633720832
824633720833
962072674304
962072674305
1030792151040
1030792151041
1065151889408
1065151889409
1082331758592
1082331758593
1090921693184
1090921693185
1095216660480
1095216660481
1097364144128
1097364144129
1098437885952
1098437885953
1098974756864
1098974756865
1099243192320
1099243192321
1099377410048
1099377410049
1099444518912
1099444518913
1099478073344
1099478073345
1099494850560
1099494850561
1099503239168
1099503239169
1099507433472
1099507433473
1099509530624
1099509530625
1099510579200
1099510579201
1099511103488
1099511103489
1099511365632
1099511365633
1099511496704
1099511496705
1099511562240
1099511562241
1099511595008
1099511595009
1099511611392
1099511611393
1099511619584
1099511619585
1099511623680
1099511623681
1099511625728
1099511625729
1099511626752
1099511626753
1099511627264
1099511627265
1099511627520
1099511627521
1099511627648
1099511627649
1099511627712
1099511627713
1099511627744
1099511627745
1099511627760
1099511627761
1099511627768
1099511627769
1099511627772
1099511627773
1099511627774
1099511627775
1099511627775
1099511627776
1099511627777
1649267441664
1649267441665
1924145348608
1924145348609
2061584302080
2061584302081
2130303778816
2130303778817
2164663517184
2164663517185
2181843386368
2181843386369
2190433320960
2190433320961
2194728288256
2194728288257
2196875771904
2196875771905
2197949513728
2197949513729
2198486384640
2198486384641
2198754820096
2198754820097
2198889037824
2198889037825
2198956146688
2198956146689
2198989701120
2198989701121
2199006478336
2199006478337
2199014866944
2199014866945
2199019061248
2199019061249
2199021158400
2199021158401
2199022206976
2199022206977
2199022731264
2199022731265
2199022993408
2199022993409
2199023124480
2199023124481
2199023190016
2199023190017
2199023222784
2199023222785
2199023239168
2199023239169
2199023247360
2199023247361
2199023251456
2199023251457
2199023253504
2199023253505
2199023254528
2199023254529
2199023255040
2199023255041
2199023255296
2199023255297
2199023255424
2199023255425
2199023255488
2199023255489
2199023255520
2199023255521
2199023255536
2199023255537
2199023255544
2199023255545
2199023255548
2199023255549
2199023255550
2199023255551
2199023255551
2199023255552
2199023255553
3298534883328
3298534883329
3848290697216
3848290697217
4123168604160
4123168604161
4260607557632
4260607557633
4329327034368
4329327034369
4363686772736
4363686772737
4380866641920
4380866641921
4389456576512
4389456576513
4393751543808
4393751543809
4395899027456
4395899027457
4396972769280
4396972769281
4397509640192
4397509640193
4397778075648
4397778075649
4397912293376
4397912293377
4397979402240
4397979402241
4398012956672
4398012956673
4398029733888
4398029733889
4398038122496
4398038122497
4398042316800
4398042316801
4398044413952
4398044413953
4398045462528
4398045462529
4398045986816
4398045986817
4398046248960
4398046248961
4398046380032
4398046380033
4398046445568
4398046445569
4398046478336
4398046478337
4398046494720
4398046494721
4398046502912
4398046502913
4398046507008
4398046507009
4398046509056
4398046509057
4398046510080
4398046510081
4398046510592
4398046510593
4398046510848
4398046510849
4398046510976
4398046510977
4398046511040
4398046511041
4398046511072
4398046511073
4398046511088
4398046511089
4398046511096
4398046511097
4398046511100
4398046511101
4398046511102
4398046511103
4398046511103
4398046511104
4398046511105
6597069766656
6597069766657
7696581394432
7696581394433
8246337208320
8246337208321
8521215115264
8521215115265
8658654068736
8658654068737
8727373545472
8727373545473
8761733283840
8761733283841
8778913153024
8778913153025
8787503087616
8787503087617
8791798054912
8791798054913
8793945538560
8793945538561
8795019280384
8795019280385
8795556151296
8795556151297
8795824586752
8795824586753
8795958804480
8795958804481
8796025913344
8796025913345
8796059467776
8796059467777
8796076244992
8796076244993
8796084633600
8796084633601
8796088827904
8796088827905
8796090925056
8796090925057
8796091973632
8796091973633
8796092497920
8796092497921
8796092760064
8796092760065
8796092891136
8796092891137
8796092956672
8796092956673
8796092989440
8796092989441
8796093005824
8796093005825
8796093014016
8796093014017
8796093018112
8796093018113
8796093020160
8796093020161
8796093021184
8796093021185
8796093021696
8796093021697
8796093021952
8796093021953
8796093022080
8796093022081
8796093022144
8796093022145
8796093022176
8796093022177
8796093022192
8796093022193
8796093022200
8796093022201
8796093022204
8796093022205
8796093022206
8796093022207
8796093022207
8796093022208
8796093022209
13194139533312
13194139533313
15393162788864
15393162788865
16492674416640
16492674416641
17042430230528
17042430230529
17317308137472
17317308137473
17454747090944
17454747090945
17523466567680
17523466567681
17557826306048
17557826306049
17575006175232
17575006175233
17583596109824
17583596109825
17587891077120
17587891077121
17590038560768
17590038560769
17591112302592
17591112302593
17591649173504
17591649173505
17591917608960
17591917608961
17592051826688
17592051826689
17592118935552
17592118935553
17592152489984
17592152489985
17592169267200
17592169267201
17592177655808
17592177655809
17592181850112
17592181850113
17592183947264
17592183947265
17592184995840
17592184995841
17592185520128
17592185520129
17592185782272
17592185782273
17592185913344
17592185913345
17592185978880
17592185978881
17592186011648
17592186011649
17592186028032
17592186028033
17592186036224
17592186036225
17592186040320
17592186040321
17592186042368
17592186042369
17592186043392
17592186043393
17592186043904
17592186043905
17592186044160
17592186044161
17592186044288
17592186044289
17592186044352
17592186044353
17592186044384
17592186044385
17592186044400
17592186044401
17592186044408
17592186044409
17592186044412
17592186044413
17592186044414
17592186044415
17592186044415
17592186044416
17592186044417
26388279066624
26388279066625
30786325577728
30786325577729
32985348833280
32985348833281
34084860461056
34084860461057
34634616274944
34634616274945
34909494181888
34909494181889
35046933135360
35046933135361
35115652612096
35115652612097
35150012350464
35150012350465
35167192219648
35167192219649
35175782154240
35175782154241
35180077121536
35180077121537
35182224605184
35182224605185
35183298347008
35183298347009
35183835217920
35183835217921
35184103653376
35184103653377
35184237871104
35184237871105
35184304979968
35184304979969
35184338534400
35184338534401
35184355311616
35184355311617
35184363700224
35184363700225
35184367894528
35184367894529
35184369991680
35184369991681
35184371040256
35184371040257
35184371564544
35184371564545
35184371826688
35184371826689
35184371957760
35184371957761
35184372023296
35184372023297
35184372056064
35184372056065
35184372072448
35184372072449
35184372080640
35184372080641
35184372084736
35184372084737
35184372086784
35184372086785
35184372087808
35184372087809
35184372088320
35184372088321
35184372088576
35184372088577
35184372088704
35184372088705
35184372088768
35184372088769
35184372088800
35184372088801
35184372088816
35184372088817
35184372088824
35184372088825
35184372088828
35184372088829
35184372088830
35184372088831
35184372088831
35184372088832
35184372088833
52776558133248
52776558133249
61572651155456
61572651155457
65970697666560
65970697666561
68169720922112
68169720922113
69269232549888
69269232549889
69818988363776
69818988363777
70093866270720
70093866270721
70231305224192
70231305224193
70300024700928
70300024700929
70334384439296
70334384439297
70351564308480
70351564308481
70360154243072
70360154243073
70364449210368
70364449210369
70366596694016
70366596694017
70367670435840
70367670435841
70368207306752
70368207306753
70368475742208
70368475742209
70368609959936
70368609959937
70368677068800
70368677068801
70368710623232
70368710623233
70368727400448
70368727400449
70368735789056
70368735789057
70368739983360
70368739983361
70368742080512
70368742080513
70368743129088
70368743129089
70368743653376
70368743653377
70368743915520
70368743915521
70368744046592
70368744046593
70368744112128
70368744112129
70368744144896
70368744144897
70368744161280
70368744161281
70368744169472
70368744169473
70368744173568
70368744173569
70368744175616
70368744175617
70368744176640
70368744176641
70368744177152
70368744177153
70368744177408
70368744177409
70368744177536
70368744177537
70368744177600
70368744177601
70368744177632
70368744177633
70368744177648
70368744177649
70368744177656
70368744177657
70368744177660
70368744177661
70368744177662
70368744177663
70368744177663
70368744177664
70368744177665
105553116266496
105553116266497
123145302310912
123145302310913
131941395333120
131941395333121
136339441844224
136339441844225
138538465099776
138538465099777
139637976727552
139637976727553
140187732541440
140187732541441
140462610448384
140462610448385
140600049401856
140600049401857
140668768878592
140668768878593
140703128616960
140703128616961
140720308486144
140720308486145
140728898420736
140728898420737
140733193388032
140733193388033
140735340871680
140735340871681
140736414613504
140736414613505
140736951484416
140736951484417
140737219919872
140737219919873
140737354137600
140737354137601
140737421246464
140737421246465
140737454800896
140737454800897
140737471578112
140737471578113
140737479966720
140737479966721
140737484161024
140737484161025
140737486258176
140737486258177
140737487306752
140737487306753
140737487831040
140737487831041
140737488093184
140737488093185
140737488224256
140737488224257
140737488289792
140737488289793
140737488322560
140737488322561
140737488338944
140737488338945
140737488347136
140737488347137
140737488351232
140737488351233
140737488353280
140737488353281
140737488354304
140737488354305
140737488354816
140737488354817
140737488355072
140737488355073
140737488355200
140737488355201
140737488355264
140737488355265
140737488355296
140737488355297
140737488355312
140737488355313
140737488355320
140737488355321
140737488355324
140737488355325
140737488355326
140737488355327
140737488355327
140737488355328
140737488355329
211106232532992
211106232532993
246290604621824
246290604621825
263882790666240
263882790666241
272678883688448
272678883688449
277076930199552
277076930199553
279275953455104
279275953455105
280375465082880
280375465082881
280925220896768
280925220896769
281200098803712
281200098803713
281337537757184
281337537757185
281406257233920
281406257233921
281440616972288
281440616972289
281457796841472
281457796841473
281466386776064
281466386776065
281470681743360
281470681743361
281472829227008
281472829227009
281473902968832
281473902968833
281474439839744
281474439839745
281474708275200
281474708275201
281474842492928
281474842492929
281474909601792
281474909601793
281474943156224
281474943156225
281474959933440
281474959933441
281474968322048
281474968322049
281474972516352
281474972516353
281474974613504
281474974613505
281474975662080
281474975662081
281474976186368
281474976186369
281474976448512
281474976448513
281474976579584
281474976579585
281474976645120
281474976645121
281474976677888
281474976677889
281474976694272
281474976694273
281474976702464
281474976702465
281474976706560
281474976706561
281474976708608
281474976708609
281474976709632
281474976709633
281474976710144
281474976710145
281474976710400
281474976710401
281474976710528
281474976710529
281474976710592
281474976710593
281474976710624
281474976710625
281474976710640
281474976710641
281474976710648
281474976710649
281474976710652
281474976710653
281474976710654
281474976710655
281474976710655
281474976710656
281474976710657
422212465065984
422212465065985
492581209243648
492581209243649
527765581332480
527765581332481
545357767376896
545357767376897
554153860399104
554153860399105
558551906910208
558551906910209
560750930165760
560750930165761
561850441793536
561850441793537
562400197607424
562400197607425
562675075514368
562675075514369
562812514467840
562812514467841
562881233944576
562881233944577
562915593682944
562915593682945
562932773552128
562932773552129
562941363486720
562941363486721
562945658454016
562945658454017
562947805937664
562947805937665
562948879679488
562948879679489
562949416550400
562949416550401
562949684985856
562949684985857
562949819203584
562949819203585
562949886312448
562949886312449
562949919866880
562949919866881
562949936644096
562949936644097
562949945032704
562949945032705
562949949227008
562949949227009
562949951324160
562949951324161
562949952372736
562949952372737
562949952897024
562949952897025
562949953159168
562949953159169
562949953290240
562949953290241
562949953355776
562949953355777
562949953388544
562949953388545
562949953404928
562949953404929
562949953413120
562949953413121
562949953417216
562949953417217
562949953419264
562949953419265
562949953420288
562949953420289
562949953420800
562949953420801
562949953421056
562949953421057
562949953421184
562949953421185
562949953421248
562949953421249
562949953421280
562949953421281
562949953421296
562949953421297
562949953421304
562949953421305
562949953421308
562949953421309
562949953421310
562949953421311
562949953421311
562949953421312
562949953421313
844424930131968
844424930131969
985162418487296
985162418487297
1055531162664960
1055531162664961
1090715534753792
1090715534753793
1108307720798208
1108307720798209
1117103813820416
1117103813820417
1121501860331520
1121501860331521
1123700883587072
1123700883587073
1124800395214848
1124800395214849
1125350151028736
1125350151028737
1125625028935680
1125625028935681
1125762467889152
1125762467889153
1125831187365888
1125831187365889
1125865547104256
1125865547104257
1125882726973440
1125882726973441
1125891316908032
1125891316908033
1125895611875328
1125895611875329
1125897759358976
1125897759358977
1125898833100800
1125898833100801
1125899369971712
1125899369971713
1125899638407168
1125899638407169
1125899772624896
1125899772624897
1125899839733760
1125899839733761
1125899873288192
1125899873288193
1125899890065408
1125899890065409
1125899898454016
1125899898454017
1125899902648320
1125899902648321
1125899904745472
1125899904745473
1125899905794048
1125899905794049
1125899906318336
1125899906318337
1125899906580480
1125899906580481
1125899906711552
1125899906711553
1125899906777088
1125899906777089
1125899906809856
1125899906809857
1125899906826240
1125899906826241
1125899906834432
1125899906834433
1125899906838528
1125899906838529
1125899906840576
1125899906840577
1125899906841600
1125899906841601
1125899906842112
1125899906842113
1125899906842368
1125899906842369
1125899906842496
1125899906842497
1125899906842560
1125899906842561
1125899906842592
1125899906842593
1125899906842608
1125899906842609
1125899906842616
1125899906842617
1125899906842620
1125899906842621
1125899906842622
1125899906842623
1125899906842623
1125899906842624
1125899906842625
1688849860263936
1688849860263937
1970324836974592
1970324836974593
2111062325329920
2111062325329921
2181431069507584
2181431069507585
2216615441596416
2216615441596417
2234207627640832
2234207627640833
2243003720663040
2243003720663041
2247401767174144
2247401767174145
2249600790429696
2249600790429697
2250700302057472
2250700302057473
2251250057871360
2251250057871361
2251524935778304
2251524935778305
2251662374731776
2251662374731777
2251731094208512
2251731094208513
2251765453946880
2251765453946881
2251782633816064
2251782633816065
2251791223750656
2251791223750657
2251795518717952
2251795518717953
2251797666201600
2251797666201601
2251798739943424
2251798739943425
2251799276814336
2251799276814337
2251799545249792
2251799545249793
2251799679467520
2251799679467521
2251799746576384
2251799746576385
2251799780130816
2251799780130817
2251799796908032
2251799796908033
2251799805296640
2251799805296641
2251799809490944
2251799809490945
2251799811588096
2251799811588097
2251799812636672
2251799812636673
2251799813160960
2251799813160961
2251799813423104
2251799813423105
2251799813554176
2251799813554177
2251799813619712
2251799813619713
2251799813652480
2251799813652481
2251799813668864
2251799813668865
2251799813677056
2251799813677057
2251799813681152
2251799813681153
2251799813683200
2251799813683201
2251799813684224
2251799813684225
2251799813684736
2251799813684737
2251799813684992
2251799813684993
2251799813685120
2251799813685121
2251799813685184
2251799813685185
2251799813685216
2251799813685217
2251799813685232
2251799813685233
2251799813685240
2251799813685241
2251799813685244
2251799813685245
2251799813685246
2251799813685247
2251799813685247
2251799813685248
2251799813685249
3377699720527872
3377699720527873
3940649673949184
3940649673949185
4222124650659840
4222124650659841
4362862139015168
4362862139015169
4433230883192832
4433230883192833
4468415255281664
4468415255281665
4486007441326080
4486007441326081
4494803534348288
4494803534348289
4499201580859392
4499201580859393
4501400604114944
4501400604114945
4502500115742720
4502500115742721
4503049871556608
4503049871556609
4503324749463552
4503324749463553
4503462188417024
4503462188417025
4503530907893760
4503530907893761
4503565267632128
4503565267632129
4503582447501312
4503582447501313
4503591037435904
4503591037435905
4503595332403200
4503595332403201
4503597479886848
4503597479886849
4503598553628672
4503598553628673
4503599090499584
4503599090499585
4503599358935040
4503599358935041
4503599493152768
4503599493152769
4503599560261632
4503599560261633
4503599593816064
4503599593816065
4503599610593280
4503599610593281
4503599618981888
4503599618981889
4503599623176192
4503599623176193
4503599625273344
4503599625273345
4503599626321920
4503599626321921
4503599626846208
4503599626846209
4503599627108352
4503599627108353
4503599627239424
4503599627239425
4503599627304960
4503599627304961
4503599627337728
4503599627337729
4503599627354112
4503599627354113
4503599627362304
4503599627362305
4503599627366400
4503599627366401
4503599627368448
4503599627368449
4503599627369472
4503599627369473
4503599627369984
4503599627369985
4503599627370240
4503599627370241
4503599627370368
4503599627370369
4503599627370432
4503599627370433
4503599627370464
4503599627370465
4503599627370480
4503599627370481
4503599627370488
4503599627370489
4503599627370492
4503599627370493
4503599627370494
4503599627370495
4503599627370495
4503599627370496
4503599627370497
6755399441055744
6755399441055745
7881299347898368
7881299347898369
8444249301319680
8444249301319681
8725724278030336
8725724278030337
8866461766385664
8866461766385665
8936830510563328
8936830510563329
8972014882652160
8972014882652161
8989607068696576
8989607068696577
8998403161718784
8998403161718785
9002801208229888
9002801208229889
9005000231485440
9005000231485441
9006099743113216
9006099743113217
9006649498927104
9006649498927105
9006924376834048
9006924376834049
9007061815787520
9007061815787521
9007130535264256
9007130535264257
9007164895002624
9007164895002625
9007182074871808
9007182074871809
9007190664806400
9007190664806401
9007194959773696
9007194959773697
9007197107257344
9007197107257345
9007198180999168
9007198180999169
9007198717870080
9007198717870081
9007198986305536
9007198986305537
9007199120523264
9007199120523265
9007199187632128
9007199187632129
9007199221186560
9007199221186561
9007199237963776
9007199237963777
9007199246352384
9007199246352385
9007199250546688
9007199250546689
9007199252643840
9007199252643841
9007199253692416
9007199253692417
9007199254216704
9007199254216705
9007199254478848
9007199254478849
9007199254609920
9007199254609921
9007199254675456
9007199254675457
9007199254708224
9007199254708225
9007199254724608
9007199254724609
9007199254732800
9007199254732801
9007199254736896
9007199254736897
9007199254738944
9007199254738945
9007199254739968
9007199254739969
9007199254740480
9007199254740481
9007199254740736
9007199254740737
9007199254740864
9007199254740865
9007199254740928
9007199254740929
9007199254740960
9007199254740961
9007199254740976
9007199254740977
9007199254740984
9007199254740985
9007199254740988
9007199254740989
9007199254740990
9007199254740991
9007199254740991
9007199254740992
9007199254740993
13510798882111488
13510798882111489
15762598695796736
15762598695796737
16888498602639360
16888498602639361
17451448556060672
17451448556060673
17732923532771328
17732923532771329
17873661021126656
17873661021126657
17944029765304320
17944029765304321
17979214137393152
17979214137393153
17996806323437568
17996806323437569
18005602416459776
18005602416459777
18010000462970880
18010000462970881
18012199486226432
18012199486226433
18013298997854208
18013298997854209
18013848753668096
18013848753668097
18014123631575040
18014123631575041
18014261070528512
18014261070528513
18014329790005248
18014329790005249
18014364149743616
18014364149743617
18014381329612800
18014381329612801
18014389919547392
18014389919547393
18014394214514688
18014394214514689
18014396361998336
18014396361998337
18014397435740160
18014397435740161
18014397972611072
18014397972611073
18014398241046528
18014398241046529
18014398375264256
18014398375264257
18014398442373120
18014398442373121
18014398475927552
18014398475927553
18014398492704768
18014398492704769
18014398501093376
18014398501093377
18014398505287680
18014398505287681
18014398507384832
18014398507384833
18014398508433408
18014398508433409
18014398508957696
18014398508957697
18014398509219840
18014398509219841
18014398509350912
18014398509350913
18014398509416448
18014398509416449
18014398509449216
18014398509449217
18014398509465600
18014398509465601
18014398509473792
18014398509473793
18014398509477888
18014398509477889
18014398509479936
18014398509479937
18014398509480960
18014398509480961
18014398509481472
18014398509481473
18014398509481728
18014398509481729
18014398509481856
18014398509481857
18014398509481920
18014398509481921
18014398509481952
18014398509481953
18014398509481968
18014398509481969
18014398509481976
18014398509481977
18014398509481980
18014398509481981
18014398509481982
18014398509481983
18014398509481983
18014398509481984
18014398509481985
27021597764222976
27021597764222977
31525197391593472
31525197391593473
33776997205278720
33776997205278721
34902897112121344
34902897112121345
35465847065542656
35465847065542657
35747322042253312
35747322042253313
35888059530608640
35888059530608641
35958428274786304
35958428274786305
35993612646875136
35993612646875137
36011204832919552
36011204832919553
36020000925941760
36020000925941761
36024398972452864
36024398972452865
36026597995708416
36026597995708417
36027697507336192
36027697507336193
36028247263150080
36028247263150081
36028522141057024
36028522141057025
36028659580010496
36028659580010497
36028728299487232
36028728299487233
36028762659225600
36028762659225601
36028779839094784
36028779839094785
36028788429029376
36028788429029377
36028792723996672
36028792723996673
36028794871480320
36028794871480321
36028795945222144
36028795945222145
36028796482093056
36028796482093057
36028796750528512
36028796750528513
36028796884746240
36028796884746241
36028796951855104
36028796951855105
36028796985409536
36028796985409537
36028797002186752
36028797002186753
36028797010575360
36028797010575361
36028797014769664
36028797014769665
36028797016866816
36028797016866817
36028797017915392
36028797017915393
36028797018439680
36028797018439681
36028797018701824
36028797018701825
36028797018832896
36028797018832897
36028797018898432
36028797018898433
36028797018931200
36028797018931201
36028797018947584
36028797018947585
36028797018955776
36028797018955777
36028797018959872
36028797018959873
36028797018961920
36028797018961921
36028797018962944
36028797018962945
36028797018963456
36028797018963457
36028797018963712
36028797018963713
36028797018963840
36028797018963841
36028797018963904
36028797018963905
36028797018963936
36028797018963937
36028797018963952
36028797018963953
36028797018963960
36028797018963961
36028797018963964
36028797018963965
36028797018963966
36028797018963967
36028797018963967
36028797018963968
36028797018963969
54043195528445952
54043195528445953
63050394783186944
63050394783186945
67553994410557440
67553994410557441
69805794224242688
69805794224242689
70931694131085312
70931694131085313
71494644084506624
71494644084506625
71776119061217280
71776119061217281
71916856549572608
71916856549572609
71987225293750272
71987225293750273
72022409665839104
72022409665839105
72040001851883520
72040001851883521
72048797944905728
72048797944905729
72053195991416832
72053195991416833
72055395014672384
72055395014672385
72056494526300160
72056494526300161
72057044282114048
72057044282114049
72057319160020992
72057319160020993
72057456598974464
72057456598974465
72057525318451200
72057525318451201
72057559678189568
72057559678189569
72057576858058752
72057576858058753
72057585447993344
72057585447993345
72057589742960640
72057589742960641
72057591890444288
72057591890444289
72057592964186112
72057592964186113
72057593501057024
72057593501057025
72057593769492480
72057593769492481
72057593903710208
72057593903710209
72057593970819072
72057593970819073
72057594004373504
72057594004373505
72057594021150720
72057594021150721
72057594029539328
72057594029539329
72057594033733632
72057594033733633
72057594035830784
72057594035830785
72057594036879360
72057594036879361
72057594037403648
72057594037403649
72057594037665792
72057594037665793
72057594037796864
72057594037796865
72057594037862400
72057594037862401
72057594037895168
72057594037895169
72057594037911552
72057594037911553
72057594037919744
72057594037919745
72057594037923840
72057594037923841
72057594037925888
72057594037925889
72057594037926912
72057594037926913
72057594037927424
72057594037927425
72057594037927680
72057594037927681
72057594037927808
72057594037927809
72057594037927872
72057594037927873
72057594037927904
72057594037927905
72057594037927920
72057594037927921
72057594037927928
72057594037927929
72057594037927932
72057594037927933
72057594037927934
72057594037927935
72057594037927935
72057594037927936
72057594037927937
108086391056891904
108086391056891905
126100789566373888
126100789566373889
135107988821114880
135107988821114881
139611588448485376
139611588448485377
141863388262170624
141863388262170625
142989288169013248
142989288169013249
143552238122434560
143552238122434561
143833713099145216
143833713099145217
143974450587500544
143974450587500545
144044819331678208
144044819331678209
144080003703767040
144080003703767041
144097595889811456
144097595889811457
144106391982833664
144106391982833665
144110790029344768
144110790029344769
144112989052600320
144112989052600321
144114088564228096
144114088564228097
144114638320041984
144114638320041985
144114913197948928
144114913197948929
144115050636902400
144115050636902401
144115119356379136
144115119356379137
144115153716117504
144115153716117505
144115170895986688
144115170895986689
144115179485921280
144115179485921281
144115183780888576
144115183780888577
144115185928372224
144115185928372225
144115187002114048
144115187002114049
144115187538984960
144115187538984961
144115187807420416
144115187807420417
144115187941638144
144115187941638145
144115188008747008
144115188008747009
144115188042301440
144115188042301441
144115188059078656
144115188059078657
144115188067467264
144115188067467265
144115188071661568
144115188071661569
144115188073758720
144115188073758721
144115188074807296
144115188074807297
144115188075331584
144115188075331585
144115188075593728
144115188075593729
144115188075724800
144115188075724801
144115188075790336
144115188075790337
144115188075823104
144115188075823105
144115188075839488
144115188075839489
144115188075847680
144115188075847681
144115188075851776
144115188075851777
144115188075853824
144115188075853825
144115188075854848
144115188075854849
144115188075855360
144115188075855361
144115188075855616
144115188075855617
144115188075855744
144115188075855745
144115188075855808
144115188075855809
144115188075855840
144115188075855841
144115188075855856
144115188075855857
144115188075855864
144115188075855865
144115188075855868
144115188075855869
144115188075855870
144115188075855871
144115188075855871
144115188075855872
144115188075855873
216172782113783808
216172782113783809
252201579132747776
252201579132747777
270215977642229760
270215977642229761
279223176896970752
279223176896970753
283726776524341248
283726776524341249
285978576338026496
285978576338026497
287104476244869120
287104476244869121
287667426198290432
287667426198290433
287948901175001088
287948901175001089
288089638663356416
288089638663356417
288160007407534080
288160007407534081
288195191779622912
288195191779622913
288212783965667328
288212783965667329
288221580058689536
288221580058689537
288225978105200640
288225978105200641
288228177128456192
288228177128456193
288229276640083968
288229276640083969
288229826395897856
288229826395897857
288230101273804800
288230101273804801
288230238712758272
288230238712758273
288230307432235008
288230307432235009
288230341791973376
288230341791973377
288230358971842560
288230358971842561
288230367561777152
288230367561777153
288230371856744448
288230371856744449
288230374004228096
288230374004228097
288230375077969920
288230375077969921
288230375614840832
288230375614840833
288230375883276288
288230375883276289
288230376017494016
288230376017494017
288230376084602880
288230376084602881
288230376118157312
288230376118157313
288230376134934528
288230376134934529
288230376143323136
288230376143323137
288230376147517440
288230376147517441
288230376149614592
288230376149614593
288230376150663168
288230376150663169
288230376151187456
288230376151187457
288230376151449600
288230376151449601
288230376151580672
288230376151580673
288230376151646208
288230376151646209
288230376151678976
288230376151678977
288230376151695360
288230376151695361
288230376151703552
288230376151703553
288230376151707648
288230376151707649
288230376151709696
288230376151709697
288230376151710720
288230376151710721
288230376151711232
288230376151711233
288230376151711488
288230376151711489
288230376151711616
288230376151711617
288230376151711680
288230376151711681
288230376151711712
288230376151711713
288230376151711728
288230376151711729
288230376151711736
288230376151711737
288230376151711740
288230376151711741
288230376151711742
288230376151711743
288230376151711743
288230376151711744
288230376151711745
432345564227567616
432345564227567617
504403158265495552
504403158265495553
540431955284459520
540431955284459521
558446353793941504
558446353793941505
567453553048682496
567453553048682497
571957152676052992
571957152676052993
574208952489738240
574208952489738241
575334852396580864
575334852396580865
575897802350002176
575897802350002177
576179277326712832
576179277326712833
576320014815068160
576320014815068161
576390383559245824
576390383559245825
576425567931334656
576425567931334657
576443160117379072
576443160117379073
576451956210401280
576451956210401281
576456354256912384
576456354256912385
576458553280167936
576458553280167937
576459652791795712
576459652791795713
576460202547609600
576460202547609601
576460477425516544
576460477425516545
576460614864470016
576460614864470017
576460683583946752
576460683583946753
576460717943685120
576460717943685121
576460735123554304
576460735123554305
576460743713488896
576460743713488897
576460748008456192
576460748008456193
576460750155939840
576460750155939841
576460751229681664
576460751229681665
576460751766552576
576460751766552577
576460752034988032
576460752034988033
576460752169205760
576460752169205761
576460752236314624
576460752236314625
576460752269869056
576460752269869057
576460752286646272
576460752286646273
576460752295034880
576460752295034881
576460752299229184
576460752299229185
576460752301326336
576460752301326337
576460752302374912
576460752302374913
576460752302899200
576460752302899201
576460752303161344
576460752303161345
576460752303292416
576460752303292417
576460752303357952
576460752303357953
576460752303390720
576460752303390721
576460752303407104
576460752303407105
576460752303415296
576460752303415297
576460752303419392
576460752303419393
576460752303421440
576460752303421441
576460752303422464
576460752303422465
576460752303422976
576460752303422977
576460752303423232
576460752303423233
576460752303423360
576460752303423361
576460752303423424
576460752303423425
576460752303423456
576460752303423457
576460752303423472
576460752303423473
576460752303423480
576460752303423481
576460752303423484
576460752303423485
576460752303423486
576460752303423487
576460752303423487
576460752303423488
576460752303423489
864691128455135232
864691128455135233
1008806316530991104
1008806316530991105
1080863910568919040
1080863910568919041
1116892707587883008
1116892707587883009
1134907106097364992
1134907106097364993
1143914305352105984
1143914305352105985
1148417904979476480
1148417904979476481
1150669704793161728
1150669704793161729
1151795604700004352
1151795604700004353
1152358554653425664
1152358554653425665
1152640029630136320
1152640029630136321
1152780767118491648
1152780767118491649
1152851135862669312
1152851135862669313
1152886320234758144
1152886320234758145
1152903912420802560
1152903912420802561
1152912708513824768
1152912708513824769
1152917106560335872
1152917106560335873
1152919305583591424
1152919305583591425
1152920405095219200
1152920405095219201
1152920954851033088
1152920954851033089
1152921229728940032
1152921229728940033
1152921367167893504
1152921367167893505
1152921435887370240
1152921435887370241
1152921470247108608
1152921470247108609
1152921487426977792
1152921487426977793
1152921496016912384
1152921496016912385
1152921500311879680
1152921500311879681
1152921502459363328
1152921502459363329
1152921503533105152
1152921503533105153
1152921504069976064
1152921504069976065
1152921504338411520
1152921504338411521
1152921504472629248
1152921504472629249
1152921504539738112
1152921504539738113
1152921504573292544
1152921504573292545
1152921504590069760
1152921504590069761
1152921504598458368
1152921504598458369
1152921504602652672
1152921504602652673
1152921504604749824
1152921504604749825
1152921504605798400
1152921504605798401
1152921504606322688
1152921504606322689
1152921504606584832
1152921504606584833
1152921504606715904
1152921504606715905
1152921504606781440
1152921504606781441
1152921504606814208
1152921504606814209
1152921504606830592
1152921504606830593
1152921504606838784
1152921504606838785
1152921504606842880
1152921504606842881
1152921504606844928
1152921504606844929
1152921504606845952
1152921504606845953
1152921504606846464
1152921504606846465
1152921504606846720
1152921504606846721
1152921504606846848
1152921504606846849
1152921504606846912
1152921504606846913
1152921504606846944
1152921504606846945
1152921504606846960
1152921504606846961
1152921504606846968
1152921504606846969
1152921504606846972
1152921504606846973
1152921504606846974
1152921504606846975
1152921504606846975
1152921504606846976
1152921504606846977
1729382256910270464
1729382256910270465
2017612633061982208
2017612633061982209
2161727821137838080
2161727821137838081
2233785415175766016
2233785415175766017
2269814212194729984
2269814212194729985
2287828610704211968
2287828610704211969
2296835809958952960
2296835809958952961
2301339409586323456
2301339409586323457
2303591209400008704
2303591209400008705
2304717109306851328
2304717109306851329
2305280059260272640
2305280059260272641
2305561534236983296
2305561534236983297
2305702271725338624
2305702271725338625
2305772640469516288
2305772640469516289
2305807824841605120
2305807824841605121
2305825417027649536
2305825417027649537
2305834213120671744
2305834213120671745
2305838611167182848
2305838611167182849
2305840810190438400
2305840810190438401
2305841909702066176
2305841909702066177
2305842459457880064
2305842459457880065
2305842734335787008
2305842734335787009
2305842871774740480
2305842871774740481
2305842940494217216
2305842940494217217
2305842974853955584
2305842974853955585
2305842992033824768
2305842992033824769
2305843000623759360
2305843000623759361
2305843004918726656
2305843004918726657
2305843007066210304
2305843007066210305
2305843008139952128
2305843008139952129
2305843008676823040
2305843008676823041
2305843008945258496
2305843008945258497
2305843009079476224
2305843009079476225
2305843009146585088
2305843009146585089
2305843009180139520
2305843009180139521
2305843009196916736
2305843009196916737
2305843009205305344
2305843009205305345
2305843009209499648
2305843009209499649
2305843009211596800
2305843009211596801
2305843009212645376
2305843009212645377
2305843009213169664
2305843009213169665
2305843009213431808
2305843009213431809
2305843009213562880
2305843009213562881
2305843009213628416
2305843009213628417
2305843009213661184
2305843009213661185
2305843009213677568
2305843009213677569
2305843009213685760
2305843009213685761
2305843009213689856
2305843009213689857
2305843009213691904
2305843009213691905
2305843009213692928
2305843009213692929
2305843009213693440
2305843009213693441
2305843009213693696
2305843009213693697
2305843009213693824
2305843009213693825
2305843009213693888
2305843009213693889
2305843009213693920
2305843009213693921
2305843009213693936
2305843009213693937
2305843009213693944
2305843009213693945
2305843009213693948
2305843009213693949
2305843009213693950
2305843009213693951
2305843009213693951
2305843009213693952
2305843009213693953
3458764513820540928
3458764513820540929
4035225266123964416
4035225266123964417
4323455642275676160
4323455642275676161
4467570830351532032
4467570830351532033
4539628424389459968
4539628424389459969
4575657221408423936
4575657221408423937
4593671619917905920
4593671619917905921
4602678819172646912
4602678819172646913
4607182418800017408
4607182418800017409
4609434218613702656
4609434218613702657
4610560118520545280
4610560118520545281
4611123068473966592
4611123068473966593
4611404543450677248
4611404543450677249
4611545280939032576
4611545280939032577
4611615649683210240
4611615649683210241
4611650834055299072
4611650834055299073
4611668426241343488
4611668426241343489
4611677222334365696
4611677222334365697
4611681620380876800
4611681620380876801
4611683819404132352
4611683819404132353
4611684918915760128
4611684918915760129
4611685468671574016
4611685468671574017
4611685743549480960
4611685743549480961
4611685880988434432
4611685880988434433
4611685949707911168
4611685949707911169
4611685984067649536
4611685984067649537
4611686001247518720
4611686001247518721
4611686009837453312
4611686009837453313
4611686014132420608
4611686014132420609
4611686016279904256
4611686016279904257
4611686017353646080
4611686017353646081
4611686017890516992
4611686017890516993
4611686018158952448
4611686018158952449
4611686018293170176
4611686018293170177
4611686018360279040
4611686018360279041
4611686018393833472
4611686018393833473
4611686018410610688
4611686018410610689
4611686018418999296
4611686018418999297
4611686018423193600
4611686018423193601
4611686018425290752
4611686018425290753
4611686018426339328
4611686018426339329
4611686018426863616
4611686018426863617
4611686018427125760
4611686018427125761
4611686018427256832
4611686018427256833
4611686018427322368
4611686018427322369
4611686018427355136
4611686018427355137
4611686018427371520
4611686018427371521
4611686018427379712
4611686018427379713
4611686018427383808
4611686018427383809
4611686018427385856
4611686018427385857
4611686018427386880
4611686018427386881
4611686018427387392
4611686018427387393
4611686018427387648
4611686018427387649
4611686018427387776
4611686018427387777
4611686018427387840
4611686018427387841
4611686018427387872
4611686018427387873
4611686018427387888
4611686018427387889
4611686018427387896
4611686018427387897
4611686018427387900
4611686018427387901
4611686018427387902
4611686018427387903
4611686018427387903
4611686018427387904
4611686018427387905
6917529027641081856
6917529027641081857
8070450532247928832
8070450532247928833
8646911284551352320
8646911284551352321
8935141660703064064
8935141660703064065
9079256848778919936
9079256848778919937
9151314442816847872
9151314442816847873
9187343239835811840
9187343239835811841
9205357638345293824
9205357638345293825
9214364837600034816
9214364837600034817
9218868437227405312
9218868437227405313
9221120237041090560
9221120237041090561
9222246136947933184
9222246136947933185
9222809086901354496
9222809086901354497
9223090561878065152
9223090561878065153
9223231299366420480
9223231299366420481
9223301668110598144
9223301668110598145
9223336852482686976
9223336852482686977
9223354444668731392
9223354444668731393
9223363240761753600
9223363240761753601
9223367638808264704
9223367638808264705
9223369837831520256
9223369837831520257
9223370937343148032
9223370937343148033
9223371487098961920
9223371487098961921
9223371761976868864
9223371761976868865
9223371899415822336
9223371899415822337
9223371968135299072
9223371968135299073
9223372002495037440
9223372002495037441
9223372019674906624
9223372019674906625
9223372028264841216
9223372028264841217
9223372032559808512
9223372032559808513
9223372034707292160
9223372034707292161
9223372035781033984
9223372035781033985
9223372036317904896
9223372036317904897
9223372036586340352
9223372036586340353
9223372036720558080
9223372036720558081
9223372036787666944
9223372036787666945
9223372036821221376
9223372036821221377
9223372036837998592
9223372036837998593
9223372036846387200
9223372036846387201
9223372036850581504
9223372036850581505
9223372036852678656
9223372036852678657
9223372036853727232
9223372036853727233
9223372036854251520
9223372036854251521
9223372036854513664
9223372036854513665
9223372036854644736
9223372036854644737
9223372036854710272
9223372036854710273
9223372036854743040
9223372036854743041
9223372036854759424
9223372036854759425
9223372036854767616
9223372036854767617
9223372036854771712
9223372036854771713
9223372036854773760
9223372036854773761
9223372036854774784
9223372036854774785
9223372036854775296
9223372036854775297
9223372036854775552
9223372036854775553
9223372036854775680
9223372036854775681
9223372036854775744
9223372036854775745
9223372036854775776
9223372036854775777
9223372036854775792
9223372036854775793
9223372036854775800
9223372036854775801
9223372036854775804
9223372036854775805
9223372036854775806
9223372036854775807
9223372036854775807
